build/app/intermediates/manifest_merge_blame_file/debug/manifest-merger-blame-debug-report.txt
1<?xml version="1.0" encoding="utf-8"?>
2<manifest xmlns:android="http://schemas.android.com/apk/res/android"
3    package="com.smartapaga.smartapaga"
4    android:versionCode="6"
5    android:versionName="1.0.0" >
6
7    <uses-sdk
8        android:minSdkVersion="22"
9        android:targetSdkVersion="30" />
10    <!--
11         Flutter needs it to communicate with the running application
12         to allow setting breakpoints, to provide hot reload, etc.
13    -->
14    <uses-permission android:name="android.permission.INTERNET" />
14-->src/main/AndroidManifest.xml:3:5-66
14-->src/main/AndroidManifest.xml:3:22-64
15
16    <queries>
16-->src/main/AndroidManifest.xml:66:6-82:16
17
18        <!-- If your app opens https URLs -->
19        <intent>
19-->src/main/AndroidManifest.xml:68:9-71:18
20            <action android:name="android.intent.action.VIEW" />
20-->src/main/AndroidManifest.xml:69:13-65
20-->src/main/AndroidManifest.xml:69:21-62
21
22            <data android:scheme="https" />
22-->src/main/AndroidManifest.xml:70:13-44
22-->src/main/AndroidManifest.xml:70:19-41
23        </intent>
24        <!-- If your app makes calls -->
25        <intent>
25-->src/main/AndroidManifest.xml:73:9-76:18
26            <action android:name="android.intent.action.DIAL" />
26-->src/main/AndroidManifest.xml:74:13-65
26-->src/main/AndroidManifest.xml:74:21-62
27
28            <data android:scheme="tel" />
28-->src/main/AndroidManifest.xml:70:13-44
28-->src/main/AndroidManifest.xml:70:19-41
29        </intent>
30        <!-- If your app emails -->
31        <intent>
31-->src/main/AndroidManifest.xml:78:9-81:18
32            <action android:name="android.intent.action.SEND" />
32-->src/main/AndroidManifest.xml:79:13-65
32-->src/main/AndroidManifest.xml:79:21-62
33
34            <data android:mimeType="*/*" />
34-->src/main/AndroidManifest.xml:70:13-44
35        </intent>
36    </queries> <!-- Include required permissions for Google Maps API to run. -->
37    <uses-permission android:name="android.permission.ACCESS_NETWORK_STATE" />
37-->[com.google.android.gms:play-services-maps:17.0.0] AndroidManifest.xml:23:5-79
37-->[com.google.android.gms:play-services-maps:17.0.0] AndroidManifest.xml:23:22-76
38
39    <uses-feature
39-->[com.google.android.gms:play-services-maps:17.0.0] AndroidManifest.xml:26:5-28:35
40        android:glEsVersion="0x00020000"
40-->[com.google.android.gms:play-services-maps:17.0.0] AndroidManifest.xml:27:9-41
41        android:required="true" />
41-->[com.google.android.gms:play-services-maps:17.0.0] AndroidManifest.xml:28:9-32
42
43    <uses-permission android:name="android.permission.CAMERA" /> <!-- Don't require camera, as this requires a rear camera. This allows it to work on the Nexus 7 -->
43-->[com.journeyapps:zxing-android-embedded:4.1.0] AndroidManifest.xml:22:5-65
43-->[com.journeyapps:zxing-android-embedded:4.1.0] AndroidManifest.xml:22:22-62
44    <uses-feature
44-->[com.journeyapps:zxing-android-embedded:4.1.0] AndroidManifest.xml:25:5-27:36
45        android:name="android.hardware.camera"
45-->[com.journeyapps:zxing-android-embedded:4.1.0] AndroidManifest.xml:26:9-47
46        android:required="false" />
46-->[com.journeyapps:zxing-android-embedded:4.1.0] AndroidManifest.xml:27:9-33
47    <uses-feature
47-->[com.journeyapps:zxing-android-embedded:4.1.0] AndroidManifest.xml:28:5-30:36
48        android:name="android.hardware.camera.front"
48-->[com.journeyapps:zxing-android-embedded:4.1.0] AndroidManifest.xml:29:9-53
49        android:required="false" /> <!-- TODO replace above two with next line after Android 4.2 -->
49-->[com.journeyapps:zxing-android-embedded:4.1.0] AndroidManifest.xml:30:9-33
50    <!-- <uses-feature android:name="android.hardware.camera.any"/> -->
51    <uses-feature
51-->[com.journeyapps:zxing-android-embedded:4.1.0] AndroidManifest.xml:33:5-35:36
52        android:name="android.hardware.camera.autofocus"
52-->[com.journeyapps:zxing-android-embedded:4.1.0] AndroidManifest.xml:34:9-57
53        android:required="false" />
53-->[com.journeyapps:zxing-android-embedded:4.1.0] AndroidManifest.xml:35:9-33
54    <uses-feature
54-->[com.journeyapps:zxing-android-embedded:4.1.0] AndroidManifest.xml:36:5-38:36
55        android:name="android.hardware.camera.flash"
55-->[com.journeyapps:zxing-android-embedded:4.1.0] AndroidManifest.xml:37:9-53
56        android:required="false" />
56-->[com.journeyapps:zxing-android-embedded:4.1.0] AndroidManifest.xml:38:9-33
57    <uses-feature
57-->[com.journeyapps:zxing-android-embedded:4.1.0] AndroidManifest.xml:39:5-41:36
58        android:name="android.hardware.screen.landscape"
58-->[com.journeyapps:zxing-android-embedded:4.1.0] AndroidManifest.xml:40:9-57
59        android:required="false" />
59-->[com.journeyapps:zxing-android-embedded:4.1.0] AndroidManifest.xml:41:9-33
60    <uses-feature
60-->[com.journeyapps:zxing-android-embedded:4.1.0] AndroidManifest.xml:42:5-44:36
61        android:name="android.hardware.wifi"
61-->[com.journeyapps:zxing-android-embedded:4.1.0] AndroidManifest.xml:43:9-45
62        android:required="false" />
62-->[com.journeyapps:zxing-android-embedded:4.1.0] AndroidManifest.xml:44:9-33
63    <!--
64 io.flutter.app.FlutterApplication is an android.app.Application that
65         calls FlutterMain.startInitialization(this); in its onCreate method.
66         In most cases you can leave this as-is, but you if you want to provide
67         additional functionality it is fine to subclass or reimplement
68         FlutterApplication and put your custom class here.
69    -->
70    <!--
71 Don't delete the meta-data below.
72          This is used by the Flutter tool to generate GeneratedPluginRegistrant.java
73    -->
74    <application
74-->src/main/AndroidManifest.xml:13:5-65:19
75        android:appComponentFactory="androidx.core.app.CoreComponentFactory"
75-->[androidx.core:core:1.6.0] AndroidManifest.xml:24:18-86
76        android:debuggable="true"
77        android:icon="@mipmap/ic_launcher"
77-->src/main/AndroidManifest.xml:16:9-43
78        android:label="SmartApaga" >
78-->src/main/AndroidManifest.xml:15:9-35
79
80        <!-- Google Map -->
81        <meta-data
81-->src/main/AndroidManifest.xml:18:9-155
82            android:name="com.google.android.geo.AIzaSyA3y-opp4CE64QCu4HDOQcbCVzuNtSIvpQ"
82-->src/main/AndroidManifest.xml:18:20-97
83            android:value="AIzaSyA3y-opp4CE64QCu4HDOQcbCVzuNtSIvpQ" />
83-->src/main/AndroidManifest.xml:18:98-153
84
85        <activity
85-->src/main/AndroidManifest.xml:19:9-51:20
86            android:name="com.example.smart_apaga.MainActivity"
86-->src/main/AndroidManifest.xml:20:13-41
87            android:configChanges="orientation|keyboardHidden|keyboard|screenSize|smallestScreenSize|locale|layoutDirection|fontScale|screenLayout|density|uiMode"
87-->src/main/AndroidManifest.xml:24:13-163
88            android:hardwareAccelerated="true"
88-->src/main/AndroidManifest.xml:26:13-47
89            android:launchMode="singleTop"
89-->src/main/AndroidManifest.xml:21:13-43
90            android:theme="@style/LaunchTheme"
90-->src/main/AndroidManifest.xml:23:13-47
91            android:windowSoftInputMode="adjustResize" >
91-->src/main/AndroidManifest.xml:27:13-55
92
93            <!--
94                 Specifies an Android theme to apply to this Activity as soon as
95                 the Android process has started. This theme is visible to the user
96                 while the Flutter UI initializes. After that, this theme continues
97                 to determine the Window background behind the Flutter UI.
98            -->
99            <meta-data
99-->src/main/AndroidManifest.xml:32:13-35:19
100                android:name="io.flutter.embedding.android.NormalTheme"
100-->src/main/AndroidManifest.xml:33:17-72
101                android:resource="@style/NormalTheme" />
101-->src/main/AndroidManifest.xml:34:17-54
102            <!--
103                 Displays an Android View that continues showing the launch screen
104                 Drawable until Flutter paints its first frame, then this splash
105                 screen fades out. A splash screen is useful to avoid any visual
106                 gap between the end of Android's launch screen and the painting of
107                 Flutter's first frame.
108            -->
109            <meta-data
109-->src/main/AndroidManifest.xml:41:13-44:17
110                android:name="io.flutter.embedding.android.SplashScreenDrawable"
110-->src/main/AndroidManifest.xml:42:15-79
111                android:resource="@drawable/launch_background" />
111-->src/main/AndroidManifest.xml:43:15-61
112
113            <intent-filter>
113-->src/main/AndroidManifest.xml:46:13-49:29
114                <action android:name="android.intent.action.MAIN" />
114-->src/main/AndroidManifest.xml:47:17-68
114-->src/main/AndroidManifest.xml:47:25-66
115
116                <category android:name="android.intent.category.LAUNCHER" />
116-->src/main/AndroidManifest.xml:48:17-76
116-->src/main/AndroidManifest.xml:48:27-74
117            </intent-filter>
118        </activity>
119
120        <meta-data
120-->src/main/AndroidManifest.xml:53:9-56:15
121            android:name="com.google.android.maps.v2.API_KEY"
121-->src/main/AndroidManifest.xml:54:13-62
122            android:value="AIzaSyA3y-opp4CE64QCu4HDOQcbCVzuNtSIvpQ" />
122-->src/main/AndroidManifest.xml:55:13-68
123        <meta-data
123-->src/main/AndroidManifest.xml:58:9-61:15
124            android:name="flutterEmbedding"
124-->src/main/AndroidManifest.xml:59:13-44
125            android:value="2" />
125-->src/main/AndroidManifest.xml:60:13-30
126        <!--
127             <meta-data
128              android:name="flutterEmbedding"
129              android:value="2" />
130        -->
131        <activity
131-->[:url_launcher] AndroidManifest.xml:8:9-11:74
132            android:name="io.flutter.plugins.urllauncher.WebViewActivity"
132-->[:url_launcher] AndroidManifest.xml:9:13-74
133            android:exported="false"
133-->[:url_launcher] AndroidManifest.xml:10:13-37
134            android:theme="@android:style/Theme.NoTitleBar.Fullscreen" /> <!-- Needs to be explicitly declared on P+ -->
134-->[:url_launcher] AndroidManifest.xml:11:13-71
135        <uses-library
135-->[com.google.android.gms:play-services-maps:17.0.0] AndroidManifest.xml:33:9-35:40
136            android:name="org.apache.http.legacy"
136-->[com.google.android.gms:play-services-maps:17.0.0] AndroidManifest.xml:34:13-50
137            android:required="false" />
137-->[com.google.android.gms:play-services-maps:17.0.0] AndroidManifest.xml:35:13-37
138
139        <activity
139-->[com.google.android.gms:play-services-base:17.0.0] AndroidManifest.xml:23:9-26:75
140            android:name="com.google.android.gms.common.api.GoogleApiActivity"
140-->[com.google.android.gms:play-services-base:17.0.0] AndroidManifest.xml:24:13-79
141            android:exported="false"
141-->[com.google.android.gms:play-services-base:17.0.0] AndroidManifest.xml:25:13-37
142            android:theme="@android:style/Theme.Translucent.NoTitleBar" />
142-->[com.google.android.gms:play-services-base:17.0.0] AndroidManifest.xml:26:13-72
143
144        <meta-data
144-->[com.google.android.gms:play-services-basement:17.0.0] AndroidManifest.xml:23:9-25:69
145            android:name="com.google.android.gms.version"
145-->[com.google.android.gms:play-services-basement:17.0.0] AndroidManifest.xml:24:13-58
146            android:value="@integer/google_play_services_version" />
146-->[com.google.android.gms:play-services-basement:17.0.0] AndroidManifest.xml:25:13-66
147
148        <activity
148-->[com.journeyapps:zxing-android-embedded:4.1.0] AndroidManifest.xml:47:9-53:63
149            android:name="com.journeyapps.barcodescanner.CaptureActivity"
149-->[com.journeyapps:zxing-android-embedded:4.1.0] AndroidManifest.xml:48:13-74
150            android:clearTaskOnLaunch="true"
150-->[com.journeyapps:zxing-android-embedded:4.1.0] AndroidManifest.xml:49:13-45
151            android:screenOrientation="sensorLandscape"
151-->[com.journeyapps:zxing-android-embedded:4.1.0] AndroidManifest.xml:50:13-56
152            android:stateNotNeeded="true"
152-->[com.journeyapps:zxing-android-embedded:4.1.0] AndroidManifest.xml:51:13-42
153            android:theme="@style/zxing_CaptureTheme"
153-->[com.journeyapps:zxing-android-embedded:4.1.0] AndroidManifest.xml:52:13-54
154            android:windowSoftInputMode="stateAlwaysHidden" />
154-->[com.journeyapps:zxing-android-embedded:4.1.0] AndroidManifest.xml:53:13-60
155    </application>
156
157</manifest>